  servidor.c
C:\SO2\TP-SO2\Servidor\Servidor\servidor.c(49,47): warning C4018: '<': incompatibilidade de signed/unsigned
C:\SO2\TP-SO2\Servidor\Servidor\servidor.c(56,47): warning C4018: '<': incompatibilidade de signed/unsigned
C:\SO2\TP-SO2\Servidor\Servidor\servidor.c(170,17): warning C4244: '=': conversão de 'DWORD' para 'SHORT', possível perda de dados
C:\SO2\TP-SO2\Servidor\Servidor\servidor.c(170,28): warning C4244: '=': conversão de 'DWORD' para 'SHORT', possível perda de dados
C:\SO2\TP-SO2\Servidor\Servidor\servidor.c(241,31): warning C4018: '<': incompatibilidade de signed/unsigned
C:\SO2\TP-SO2\Servidor\Servidor\servidor.c(251,27): warning C4018: '<': incompatibilidade de signed/unsigned
C:\SO2\TP-SO2\Servidor\Servidor\servidor.c(261,27): warning C4018: '<': incompatibilidade de signed/unsigned
C:\SO2\TP-SO2\Servidor\Servidor\servidor.c(262,31): warning C4018: '<': incompatibilidade de signed/unsigned
C:\SO2\TP-SO2\Servidor\Servidor\servidor.c(267,35): warning C4018: '<': incompatibilidade de signed/unsigned
C:\SO2\TP-SO2\Servidor\Servidor\servidor.c(226,11): warning C4101: 'n': variável local não referenciada
C:\SO2\TP-SO2\Servidor\Servidor\servidor.c(227,11): warning C4101: 'underSymbol': variável local não referenciada
C:\SO2\TP-SO2\Servidor\Servidor\servidor.c(310,65): warning C4018: '<': incompatibilidade de signed/unsigned
C:\SO2\TP-SO2\Servidor\Servidor\servidor.c(316,31): warning C4018: '<': incompatibilidade de signed/unsigned
C:\SO2\TP-SO2\Servidor\Servidor\servidor.c(392,47): warning C4244: '*=': conversão de 'double' para 'DWORD', possível perda de dados
C:\SO2\TP-SO2\Servidor\Servidor\servidor.c(396,35): warning C4018: '<': incompatibilidade de signed/unsigned
C:\SO2\TP-SO2\Servidor\Servidor\servidor.c(413,47): warning C4244: '*=': conversão de 'double' para 'DWORD', possível perda de dados
C:\SO2\TP-SO2\Servidor\Servidor\servidor.c(415,47): warning C4244: '*=': conversão de 'double' para 'DWORD', possível perda de dados
C:\SO2\TP-SO2\Servidor\Servidor\servidor.c(417,35): warning C4018: '<': incompatibilidade de signed/unsigned
C:\SO2\TP-SO2\Servidor\Servidor\servidor.c(435,83): warning C4133: 'função': tipos incompatíveis - de 'HANDLE *' para 'PHKEY'
C:\SO2\TP-SO2\Servidor\Servidor\servidor.c(437,125): warning C4133: 'função': tipos incompatíveis - de 'HANDLE *' para 'PHKEY'
C:\SO2\TP-SO2\Servidor\Servidor\servidor.c(491,27): warning C4018: '<': incompatibilidade de signed/unsigned
C:\SO2\TP-SO2\Servidor\Servidor\servidor.c(545,12): warning C4101: 'hdll': variável local não referenciada
C:\SO2\TP-SO2\Servidor\Servidor\servidor.c(540,12): warning C4101: 'hFileMap': variável local não referenciada
  Servidor.vcxproj -> C:\SO2\TP-SO2\Servidor\x64\Debug\Servidor.exe
