  sapo.c
C:\SO2\TP-SO2\Sapo\Sapo\sapo.c(16,8): warning C4101: 'n': variável local não referenciada
C:\SO2\TP-SO2\Sapo\Sapo\sapo.c(209,26): warning C4018: '<': incompatibilidade de signed/unsigned
C:\SO2\TP-SO2\Sapo\Sapo\sapo.c(210,27): warning C4018: '<': incompatibilidade de signed/unsigned
C:\SO2\TP-SO2\Sapo\Sapo\sapo.c(350,121): warning C4267: '=': conversão de 'size_t' para 'DWORD', possível perda de dados
C:\SO2\TP-SO2\Sapo\Sapo\sapo.c(355,78): warning C4267: 'função': conversão de 'size_t' para 'int', possível perda de dados
C:\SO2\TP-SO2\Sapo\Sapo\sapo.c(361,78): warning C4267: 'função': conversão de 'size_t' para 'int', possível perda de dados
C:\SO2\TP-SO2\Sapo\Sapo\sapo.c(367,147): warning C4267: 'função': conversão de 'size_t' para 'int', possível perda de dados
C:\SO2\TP-SO2\Sapo\Sapo\sapo.c(383,82): warning C4267: 'função': conversão de 'size_t' para 'int', possível perda de dados
C:\SO2\TP-SO2\Sapo\Sapo\sapo.c(384,84): warning C4267: 'função': conversão de 'size_t' para 'int', possível perda de dados
C:\SO2\TP-SO2\Sapo\Sapo\sapo.c(392,116): warning C4267: '=': conversão de 'size_t' para 'DWORD', possível perda de dados
C:\SO2\TP-SO2\Sapo\Sapo\sapo.c(397,77): warning C4267: 'função': conversão de 'size_t' para 'int', possível perda de dados
C:\SO2\TP-SO2\Sapo\Sapo\sapo.c(403,77): warning C4267: 'função': conversão de 'size_t' para 'int', possível perda de dados
C:\SO2\TP-SO2\Sapo\Sapo\sapo.c(410,18): warning C4018: '>=': incompatibilidade de signed/unsigned
C:\SO2\TP-SO2\Sapo\Sapo\sapo.c(411,18): warning C4018: '<=': incompatibilidade de signed/unsigned
C:\SO2\TP-SO2\Sapo\Sapo\sapo.c(412,15): warning C4018: '>=': incompatibilidade de signed/unsigned
C:\SO2\TP-SO2\Sapo\Sapo\sapo.c(413,15): warning C4018: '<=': incompatibilidade de signed/unsigned
C:\SO2\TP-SO2\Sapo\Sapo\sapo.c(420,47): warning C4267: 'função': conversão de 'size_t' para 'int', possível perda de dados
C:\SO2\TP-SO2\Sapo\Sapo\sapo.c(467,8): warning C4244: 'função': conversão de 'time_t' para 'unsigned int', possível perda de dados
  Sapo.vcxproj -> C:\SO2\TP-SO2\Sapo\x64\Debug\Sapo.exe
